<?xml version="1.0" encoding="UTF-8"?>
<testng-results ignored="0" total="3" passed="3" failed="0" skipped="0">
  <reporter-output>
  </reporter-output>
  <suite started-at="2021-05-21T10:20:41 EAT" name="Default suite" finished-at="2021-05-21T10:22:45 EAT" duration-ms="124228">
    <groups>
    </groups>
    <test started-at="2021-05-21T10:20:41 EAT" name="Default test" finished-at="2021-05-21T10:22:45 EAT" duration-ms="124228">
      <class name="tests.tests">
        <test-method is-config="true" signature="setUp()[pri:0, instance:tests.tests@318ba8c8]" started-at="2021-05-21T10:20:41 EAT" name="setUp" finished-at="2021-05-21T10:21:08 EAT" duration-ms="26772" status="PASS">
          <reporter-output>
          </reporter-output>
        </test-method> <!-- setUp -->
        <test-method signature="phoneNumberValidation()[pri:1, instance:tests.tests@318ba8c8]" started-at="2021-05-21T10:21:08 EAT" name="phoneNumberValidation" finished-at="2021-05-21T10:21:11 EAT" duration-ms="3463" status="PASS">
          <reporter-output>
          </reporter-output>
        </test-method> <!-- phoneNumberValidation -->
        <test-method signature="pinNumberValidation()[pri:2, instance:tests.tests@318ba8c8]" started-at="2021-05-21T10:21:11 EAT" name="pinNumberValidation" finished-at="2021-05-21T10:21:15 EAT" duration-ms="3489" status="PASS">
          <reporter-output>
          </reporter-output>
        </test-method> <!-- pinNumberValidation -->
        <test-method signature="createSupplier()[pri:3, instance:tests.tests@318ba8c8]" started-at="2021-05-21T10:21:15 EAT" name="createSupplier" finished-at="2021-05-21T10:22:43 EAT" duration-ms="88659" status="PASS">
          <reporter-output>
          </reporter-output>
        </test-method> <!-- createSupplier -->
        <test-method is-config="true" signature="tearDown()[pri:0, instance:tests.tests@318ba8c8]" started-at="2021-05-21T10:22:43 EAT" name="tearDown" finished-at="2021-05-21T10:22:45 EAT" duration-ms="1644" status="PASS">
          <reporter-output>
          </reporter-output>
        </test-method> <!-- tearDown -->
      </class> <!-- tests.tests -->
    </test> <!-- Default test -->
  </suite> <!-- Default suite -->
</testng-results>
