<?xml version="1.0" encoding="UTF-8"?>
<!-- Generated by org.testng.reporters.JUnitXMLReporter -->
<testsuite ignored="0" hostname="dru" failures="0" tests="3" name="Default test" time="124.228" errors="0" timestamp="2021-05-21T10:22:45 EAT">
  <testcase classname="tests.tests" name="phoneNumberValidation" time="3.463"/>
  <testcase classname="tests.tests" name="pinNumberValidation" time="3.489"/>
  <testcase classname="tests.tests" name="createSupplier" time="88.659"/>
</testsuite> <!-- Default test -->
